
> dev
> bash start.sh

[0;34m🚀 Starting CC Checker System...[0m
[0;32m🧹 Cleaning up orphan processes...[0m
[0;32m📡 Starting Backend (TypeScript/Express)...[0m
[0;32m💻 Starting Frontend (Expo Web)...[0m
[0;34m━━━━━━━━━━━━━━━━━━━━━━━━━━━━━━━━━━━━━━━━━━━━━━━━━━━[0m
[0;34m  Dashboard:  http://localhost:8085[0m
[0;34m  API:        http://localhost:8000[0m
[0;34m━━━━━━━━━━━━━━━━━━━━━━━━━━━━━━━━━━━━━━━━━━━━━━━━━━━[0m
Press [0;32mCtrl+C[0m to stop both servers.
Starting project at /Users/adminuser/vsc/cc_checker/frontend
Server is running on http://0.0.0.0:8000
[0mGET /api/logs/tail?file=wa-checkout&lines=50 [36m304[0m 2.317 ms - -[0m
[0mGET /api/logs/tail?file=cc&lines=50 [36m304[0m 1.407 ms - -[0m
Starting Metro Bundler
Unable to run simctl:
Error: xcrun simctl help exited with non-zero code: 72
[0mGET /api/status [36m304[0m 0.789 ms - -[0m
Waiting on http://localhost:8085
Logs for your project will appear below.
Web Bundled 428ms node_modules/expo-router/entry.js (1107 modules)
 LOG  [web] Logs will appear in the browser console
[0mGET /api/status [36m304[0m 2.164 ms - -[0m
[0mGET /api/wa-checkout/status [36m304[0m 0.884 ms - -[0m
[0mGET /api/analytics [36m304[0m 0.873 ms - -[0m
[0mGET /api/results [32m200[0m 1.264 ms - 44728[0m
[0mGET /api/wa-checkout/term [36m304[0m 0.254 ms - -[0m
[0mGET /api/health [36m304[0m 0.063 ms - -[0m
[0mGET /api/logs/tail?file=cc&lines=50 [36m304[0m 0.517 ms - -[0m
[0mGET /api/logs/tail?file=wa-checkout&lines=50 [36m304[0m 0.418 ms - -[0m
[0mGET /api/logs/tail?file=cc&lines=50 [36m304[0m 0.519 ms - -[0m
[0mGET /api/logs/tail?file=wa-checkout&lines=50 [36m304[0m 0.340 ms - -[0m
[0mGET /api/wa-checkout/status [36m304[0m 0.278 ms - -[0m
[0mGET /api/logs/tail?file=cc&lines=50 [36m304[0m 0.391 ms - -[0m
[0mGET /api/logs/tail?file=wa-checkout&lines=50 [36m304[0m 0.468 ms - -[0m
[0mGET /api/logs/tail?file=cc&lines=50 [36m304[0m 0.756 ms - -[0m
[0mGET /api/logs/tail?file=wa-checkout&lines=50 [36m304[0m 0.368 ms - -[0m
[0mGET /api/status [36m304[0m 1.891 ms - -[0m
[0mGET /api/wa-checkout/status [36m304[0m 0.239 ms - -[0m
[0mGET /api/logs/tail?file=cc&lines=50 [36m304[0m 0.421 ms - -[0m
[0mGET /api/logs/tail?file=wa-checkout&lines=50 [36m304[0m 0.228 ms - -[0m
[0mGET /api/analytics [36m304[0m 1.146 ms - -[0m
[0mGET /api/logs/tail?file=cc&lines=50 [36m304[0m 0.505 ms - -[0m
[0mGET /api/logs/tail?file=wa-checkout&lines=50 [36m304[0m 0.332 ms - -[0m
[0mGET /api/health [36m304[0m 0.153 ms - -[0m
[0mGET /api/wa-checkout/status [36m304[0m 0.282 ms - -[0m
[0mGET /api/logs/tail?file=cc&lines=50 [36m304[0m 0.384 ms - -[0m
[0mGET /api/logs/tail?file=wa-checkout&lines=50 [36m304[0m 0.255 ms - -[0m
[0mGET /api/status [36m304[0m 0.451 ms - -[0m
[0mGET /api/logs/tail?file=cc&lines=50 [36m304[0m 0.560 ms - -[0m
[0mGET /api/logs/tail?file=wa-checkout&lines=50 [36m304[0m 0.470 ms - -[0m
[0mGET /api/wa-checkout/status [36m304[0m 0.290 ms - -[0m
[0mGET /api/logs/tail?file=cc&lines=50 [36m304[0m 0.446 ms - -[0m
[0mGET /api/logs/tail?file=wa-checkout&lines=50 [36m304[0m 0.251 ms - -[0m
[0mGET /api/logs/tail?file=cc&lines=50 [36m304[0m 0.386 ms - -[0m
[0mGET /api/logs/tail?file=wa-checkout&lines=50 [36m304[0m 0.317 ms - -[0m
[0mGET /api/analytics [36m304[0m 0.298 ms - -[0m
[0mGET /api/status [36m304[0m 0.324 ms - -[0m
[0mGET /api/wa-checkout/status [36m304[0m 0.180 ms - -[0m
[0mGET /api/logs/tail?file=cc&lines=50 [36m304[0m 0.667 ms - -[0m
[0mGET /api/logs/tail?file=wa-checkout&lines=50 [36m304[0m 0.608 ms - -[0m
[0mGET /api/health [36m304[0m 0.211 ms - -[0m
[0mGET /api/logs/tail?file=cc&lines=50 [36m304[0m 0.339 ms - -[0m
[0mGET /api/logs/tail?file=wa-checkout&lines=50 [36m304[0m 0.209 ms - -[0m
[0mGET /api/wa-checkout/status [36m304[0m 0.300 ms - -[0m
[0mGET /api/logs/tail?file=cc&lines=50 [36m304[0m 0.535 ms - -[0m
[0mGET /api/logs/tail?file=wa-checkout&lines=50 [36m304[0m 0.278 ms - -[0m
[0mGET /api/logs/tail?file=cc&lines=50 [36m304[0m 0.441 ms - -[0m
[0mGET /api/logs/tail?file=wa-checkout&lines=50 [36m304[0m 0.242 ms - -[0m
[0mGET /api/status [36m304[0m 0.625 ms - -[0m
[0mGET /api/analytics [36m304[0m 0.620 ms - -[0m
[0mGET /api/wa-checkout/status [36m304[0m 0.325 ms - -[0m
[0mGET /api/logs/tail?file=cc&lines=50 [36m304[0m 1.133 ms - -[0m
[0mGET /api/logs/tail?file=wa-checkout&lines=50 [36m304[0m 0.383 ms - -[0m
[0mGET /api/logs/tail?file=cc&lines=50 [36m304[0m 0.562 ms - -[0m
[0mGET /api/logs/tail?file=wa-checkout&lines=50 [36m304[0m 0.391 ms - -[0m
[0mGET /api/health [36m304[0m 0.117 ms - -[0m
[0mGET /api/wa-checkout/status [36m304[0m 0.245 ms - -[0m
[0mGET /api/logs/tail?file=cc&lines=50 [36m304[0m 7.016 ms - -[0m
[0mGET /api/logs/tail?file=wa-checkout&lines=50 [36m304[0m 0.178 ms - -[0m
[0mGET /api/status [36m304[0m 0.361 ms - -[0m
[0mGET /api/logs/tail?file=cc&lines=50 [36m304[0m 0.356 ms - -[0m
[0mGET /api/logs/tail?file=wa-checkout&lines=50 [36m304[0m 0.167 ms - -[0m
[0mGET /api/logs/tail?file=wa&lines=50 [36m304[0m 4.896 ms - -[0m
[0mGET /api/plate-check/status [36m304[0m 0.939 ms - -[0m
[0mGET /api/plate-check/results [36m304[0m 3.637 ms - -[0m
[0mGET /api/wa-rego/hits [36m304[0m 0.257 ms - -[0m
[0mGET /api/wa-checkout/status [36m304[0m 0.234 ms - -[0m
[0mGET /api/logs/tail?file=cc&lines=50 [36m304[0m 0.295 ms - -[0m
[0mGET /api/logs/tail?file=wa-checkout&lines=50 [36m304[0m 0.303 ms - -[0m
[0mGET /api/analytics [36m304[0m 0.267 ms - -[0m
[0mGET /api/logs/tail?file=wa&lines=50 [36m304[0m 2.544 ms - -[0m
[0mGET /api/logs/tail?file=cc&lines=50 [36m304[0m 0.789 ms - -[0m
[0mGET /api/logs/tail?file=wa-checkout&lines=50 [36m304[0m 0.506 ms - -[0m
[0mGET /api/plate-check/status [36m304[0m 0.271 ms - -[0m
[0mGET /api/logs/tail?file=wa&lines=50 [36m304[0m 2.035 ms - -[0m
[0mGET /api/status [36m304[0m 0.513 ms - -[0m
[0mGET /api/wa-checkout/status [36m304[0m 0.163 ms - -[0m
[0mGET /api/logs/tail?file=cc&lines=50 [36m304[0m 0.569 ms - -[0m
[0mGET /api/logs/tail?file=wa-checkout&lines=50 [36m304[0m 0.712 ms - -[0m
[0mGET /api/logs/tail?file=wa&lines=50 [36m304[0m 2.636 ms - -[0m
[0mGET /api/logs/tail?file=cc&lines=50 [36m304[0m 0.347 ms - -[0m
[0mGET /api/logs/tail?file=wa-checkout&lines=50 [36m304[0m 0.237 ms - -[0m
[0mGET /api/results/cc?page=1&limit=20 [32m200[0m 0.530 ms - 3448[0m
[0mGET /api/plate-check/results [36m304[0m 5.302 ms - -[0m
[0mGET /api/health [36m304[0m 0.108 ms - -[0m
[0mGET /api/plate-check/status [36m304[0m 0.704 ms - -[0m
[0mGET /api/logs/tail?file=wa&lines=50 [36m304[0m 3.132 ms - -[0m
[0mGET /api/wa-checkout/status [36m304[0m 0.194 ms - -[0m
[0mGET /api/logs/tail?file=cc&lines=50 [36m304[0m 0.635 ms - -[0m
[0mGET /api/logs/tail?file=wa-checkout&lines=50 [36m304[0m 0.429 ms - -[0m
[0mGET /api/logs/tail?file=wa&lines=50 [36m304[0m 3.125 ms - -[0m
[0mGET /api/logs/tail?file=cc&lines=50 [36m304[0m 0.338 ms - -[0m
[0mGET /api/logs/tail?file=wa-checkout&lines=50 [36m304[0m 0.149 ms - -[0m
[0mGET /api/analytics [36m304[0m 0.441 ms - -[0m
[0mGET /api/status [36m304[0m 0.312 ms - -[0m
[0mGET /api/plate-check/status [36m304[0m 0.280 ms - -[0m
[0mGET /api/logs/tail?file=wa&lines=50 [36m304[0m 2.620 ms - -[0m
[0mGET /api/wa-checkout/status [36m304[0m 0.443 ms - -[0m
[0mGET /api/logs/tail?file=cc&lines=50 [36m304[0m 0.613 ms - -[0m
[0mGET /api/logs/tail?file=wa-checkout&lines=50 [36m304[0m 0.717 ms - -[0m
[0mGET /api/wa-rego/hits [36m304[0m 0.250 ms - -[0m
[0mGET /api/plate-check/results [36m304[0m 3.080 ms - -[0m
[0mGET /api/logs/tail?file=wa&lines=50 [36m304[0m 2.637 ms - -[0m
[0mGET /api/logs/tail?file=cc&lines=50 [36m304[0m 0.554 ms - -[0m
[0mGET /api/logs/tail?file=wa-checkout&lines=50 [36m304[0m 0.267 ms - -[0m
[0mGET /api/plate-check/status [36m304[0m 0.257 ms - -[0m
[0mGET /api/logs/tail?file=wa&lines=50 [36m304[0m 2.856 ms - -[0m
[0mGET /api/wa-checkout/status [36m304[0m 0.505 ms - -[0m
[0mGET /api/logs/tail?file=cc&lines=50 [36m304[0m 0.367 ms - -[0m
[0mGET /api/logs/tail?file=wa-checkout&lines=50 [36m304[0m 0.215 ms - -[0m
[0mGET /api/health [36m304[0m 0.116 ms - -[0m
[0mGET /api/status [36m304[0m 0.617 ms - -[0m
[0mGET /api/logs/tail?file=wa&lines=50 [36m304[0m 3.809 ms - -[0m
[0mGET /api/logs/tail?file=cc&lines=50 [36m304[0m 0.348 ms - -[0m
[0mGET /api/logs/tail?file=wa-checkout&lines=50 [36m304[0m 0.218 ms - -[0m
[0mGET /api/results/wa?page=1&limit=20 [32m200[0m 0.795 ms - 2644[0m
[0mGET /api/plate-check/status [36m304[0m 0.227 ms - -[0m
[0mGET /api/logs/tail?file=wa&lines=50 [36m304[0m 4.848 ms - -[0m
[0mGET /api/plate-check/results [36m304[0m 5.852 ms - -[0m
[0mGET /api/analytics [36m304[0m 0.318 ms - -[0m
[0mGET /api/wa-checkout/status [36m304[0m 0.165 ms - -[0m
[0mGET /api/logs/tail?file=cc&lines=50 [36m304[0m 0.518 ms - -[0m
[0mGET /api/logs/tail?file=wa-checkout&lines=50 [36m304[0m 0.559 ms - -[0m
[0mGET /api/logs/tail?file=wa&lines=50 [36m304[0m 2.266 ms - -[0m
[0mGET /api/logs/tail?file=cc&lines=50 [36m304[0m 0.343 ms - -[0m
[0mGET /api/logs/tail?file=wa-checkout&lines=50 [36m304[0m 0.174 ms - -[0m
[0mGET /api/plate-check/status [36m304[0m 0.332 ms - -[0m
[0mGET /api/logs/tail?file=wa&lines=50 [36m304[0m 2.207 ms - -[0m
[0mGET /api/status [36m304[0m 0.355 ms - -[0m
[0mGET /api/wa-checkout/status [36m304[0m 0.175 ms - -[0m
[0mGET /api/logs/tail?file=cc&lines=50 [36m304[0m 0.323 ms - -[0m
[0mGET /api/logs/tail?file=wa-checkout&lines=50 [36m304[0m 0.207 ms - -[0m
[0mGET /api/logs/tail?file=wa&lines=50 [36m304[0m 5.146 ms - -[0m
[0mGET /api/logs/tail?file=cc&lines=50 [36m304[0m 0.359 ms - -[0m
[0mGET /api/logs/tail?file=wa-checkout&lines=50 [36m304[0m 0.175 ms - -[0m
[0mGET /api/wa-rego/hits [36m304[0m 0.261 ms - -[0m
[0mGET /api/plate-check/results [36m304[0m 2.761 ms - -[0m
[0mGET /api/plate-check/status [36m304[0m 0.227 ms - -[0m
[0mGET /api/logs/tail?file=wa&lines=50 [36m304[0m 2.561 ms - -[0m
[0mGET /api/health [36m304[0m 0.173 ms - -[0m
[0mGET /api/wa-checkout/status [36m304[0m 0.215 ms - -[0m
[0mGET /api/logs/tail?file=cc&lines=50 [36m304[0m 0.778 ms - -[0m
[0mGET /api/logs/tail?file=wa-checkout&lines=50 [36m304[0m 0.373 ms - -[0m
[0mGET /api/analytics [36m304[0m 0.470 ms - -[0m
[0mGET /api/logs/tail?file=wa&lines=50 [36m304[0m 3.273 ms - -[0m
[0mGET /api/logs/tail?file=cc&lines=50 [36m304[0m 0.565 ms - -[0m
[0mGET /api/logs/tail?file=wa-checkout&lines=50 [36m304[0m 0.458 ms - -[0m
[0mGET /api/status [36m304[0m 0.662 ms - -[0m
[0mGET /api/plate-check/status [36m304[0m 0.285 ms - -[0m
[0mGET /api/logs/tail?file=wa&lines=50 [36m304[0m 2.852 ms - -[0m
[0mGET /api/wa-checkout/status [36m304[0m 0.180 ms - -[0m
[0mGET /api/logs/tail?file=cc&lines=50 [36m304[0m 0.317 ms - -[0m
[0mGET /api/logs/tail?file=wa-checkout&lines=50 [36m304[0m 0.488 ms - -[0m
[0mGET /api/plate-check/results [36m304[0m 3.272 ms - -[0m
[0mGET /api/logs/tail?file=wa&lines=50 [36m304[0m 4.785 ms - -[0m
[0mGET /api/logs/tail?file=wa-checkout&lines=50 [36m304[0m 0.291 ms - -[0m
[0mGET /api/logs/tail?file=cc&lines=50 [36m304[0m 0.383 ms - -[0m
[0mGET /api/plate-check/status [36m304[0m 0.247 ms - -[0m
[0mGET /api/logs/tail?file=wa&lines=50 [36m304[0m 3.186 ms - -[0m
[0mGET /api/wa-checkout/status [36m304[0m 0.204 ms - -[0m
[0mGET /api/logs/tail?file=wa-checkout&lines=50 [36m304[0m 0.280 ms - -[0m
[0mGET /api/logs/tail?file=cc&lines=50 [36m304[0m 0.243 ms - -[0m
[0mGET /api/status [36m304[0m 0.684 ms - -[0m
[0mGET /api/logs/tail?file=wa&lines=50 [36m304[0m 2.682 ms - -[0m
[0mGET /api/logs/tail?file=wa-checkout&lines=50 [36m304[0m 0.354 ms - -[0m
[0mGET /api/logs/tail?file=cc&lines=50 [36m304[0m 0.209 ms - -[0m
[0mGET /api/health [36m304[0m 0.098 ms - -[0m
[0mGET /api/analytics [36m304[0m 0.332 ms - -[0m
[0mGET /api/wa-rego/hits [36m304[0m 0.343 ms - -[0m
[0mGET /api/plate-check/status [36m304[0m 0.205 ms - -[0m
[0mGET /api/plate-check/results [36m304[0m 3.542 ms - -[0m
[0mGET /api/logs/tail?file=wa&lines=50 [36m304[0m 2.838 ms - -[0m
[0mGET /api/wa-checkout/status [36m304[0m 0.251 ms - -[0m
[0mGET /api/logs/tail?file=wa-checkout&lines=50 [36m304[0m 0.364 ms - -[0m
[0mGET /api/logs/tail?file=cc&lines=50 [36m304[0m 0.243 ms - -[0m
[0mGET /api/logs/tail?file=wa&lines=50 [36m304[0m 4.658 ms - -[0m
[0mGET /api/logs/tail?file=wa-checkout&lines=50 [36m304[0m 0.430 ms - -[0m
[0mGET /api/logs/tail?file=cc&lines=50 [36m304[0m 0.215 ms - -[0m
[0mGET /api/plate-check/status [36m304[0m 0.249 ms - -[0m
[0mGET /api/logs/tail?file=wa&lines=50 [36m304[0m 3.795 ms - -[0m
[0mGET /api/status [36m304[0m 0.653 ms - -[0m
[0mGET /api/wa-checkout/status [36m304[0m 0.198 ms - -[0m
[0mGET /api/logs/tail?file=wa-checkout&lines=50 [36m304[0m 0.407 ms - -[0m
[0mGET /api/logs/tail?file=cc&lines=50 [36m304[0m 0.274 ms - -[0m
[0mGET /api/logs/tail?file=wa&lines=50 [36m304[0m 3.194 ms - -[0m
[0mGET /api/logs/tail?file=wa-checkout&lines=50 [36m304[0m 0.710 ms - -[0m
[0mGET /api/logs/tail?file=cc&lines=50 [36m304[0m 0.522 ms - -[0m
[0mGET /api/plate-check/results [36m304[0m 3.914 ms - -[0m
[0mGET /api/plate-check/status [36m304[0m 0.379 ms - -[0m
[0mGET /api/logs/tail?file=wa&lines=50 [36m304[0m 3.741 ms - -[0m
[0mGET /api/analytics [36m304[0m 0.653 ms - -[0m
[0mGET /api/wa-checkout/status [36m304[0m 0.224 ms - -[0m
[0mGET /api/logs/tail?file=wa-checkout&lines=50 [36m304[0m 0.335 ms - -[0m
[0mGET /api/logs/tail?file=cc&lines=50 [36m304[0m 0.223 ms - -[0m
[0mGET /api/health [36m304[0m 0.102 ms - -[0m
[0mGET /api/logs/tail?file=wa&lines=50 [36m304[0m 2.345 ms - -[0m
[0mGET /api/logs/tail?file=wa-checkout&lines=50 [36m304[0m 0.320 ms - -[0m
[0mGET /api/logs/tail?file=cc&lines=50 [36m304[0m 0.183 ms - -[0m
[0mGET /api/status [36m304[0m 0.357 ms - -[0m
[0mGET /api/plate-check/status [36m304[0m 0.251 ms - -[0m
[0mGET /api/logs/tail?file=wa&lines=50 [36m304[0m 3.085 ms - -[0m
[0mGET /api/wa-checkout/status [36m304[0m 0.239 ms - -[0m
[0mGET /api/logs/tail?file=wa-checkout&lines=50 [36m304[0m 0.366 ms - -[0m
[0mGET /api/logs/tail?file=cc&lines=50 [36m304[0m 0.212 ms - -[0m
[0mGET /api/wa-rego/hits [36m304[0m 0.266 ms - -[0m
[0mGET /api/plate-check/results [36m304[0m 3.239 ms - -[0m
[0mGET /api/logs/tail?file=wa&lines=50 [36m304[0m 3.216 ms - -[0m
[0mGET /api/logs/tail?file=wa-checkout&lines=50 [36m304[0m 1.717 ms - -[0m
[0mGET /api/logs/tail?file=cc&lines=50 [36m304[0m 0.327 ms - -[0m
[0mGET /api/plate-check/status [36m304[0m 0.280 ms - -[0m
[0mGET /api/logs/tail?file=wa&lines=50 [36m304[0m 3.105 ms - -[0m
[0mGET /api/wa-checkout/status [36m304[0m 0.398 ms - -[0m
[0mGET /api/logs/tail?file=wa-checkout&lines=50 [36m304[0m 0.620 ms - -[0m
[0mGET /api/logs/tail?file=cc&lines=50 [36m304[0m 0.540 ms - -[0m
[0mGET /api/analytics [36m304[0m 0.546 ms - -[0m
[0mGET /api/status [36m304[0m 0.373 ms - -[0m
[0mGET /api/logs/tail?file=wa&lines=50 [36m304[0m 3.323 ms - -[0m
[0mGET /api/logs/tail?file=wa-checkout&lines=50 [36m304[0m 0.574 ms - -[0m
[0mGET /api/logs/tail?file=cc&lines=50 [36m304[0m 0.336 ms - -[0m
[0mGET /api/plate-check/status [36m304[0m 0.332 ms - -[0m
[0mGET /api/plate-check/results [36m304[0m 4.795 ms - -[0m
[0mGET /api/logs/tail?file=wa&lines=50 [36m304[0m 3.231 ms - -[0m
[0mGET /api/health [36m304[0m 0.100 ms - -[0m
[0mGET /api/wa-checkout/status [36m304[0m 0.227 ms - -[0m
[0mGET /api/logs/tail?file=wa-checkout&lines=50 [36m304[0m 0.518 ms - -[0m
[0mGET /api/logs/tail?file=cc&lines=50 [36m304[0m 0.537 ms - -[0m
[0mGET /api/logs/tail?file=wa&lines=50 [36m304[0m 4.470 ms - -[0m
[0mGET /api/logs/tail?file=wa-checkout&lines=50 [36m304[0m 0.362 ms - -[0m
[0mGET /api/logs/tail?file=cc&lines=50 [36m304[0m 0.246 ms - -[0m
[0mGET /api/plate-check/status [36m304[0m 0.245 ms - -[0m
[0mGET /api/logs/tail?file=wa&lines=50 [36m304[0m 2.219 ms - -[0m
[0mGET /api/status [36m304[0m 0.452 ms - -[0m
[0mGET /api/wa-checkout/status [36m304[0m 0.202 ms - -[0m
[0mGET /api/logs/tail?file=wa-checkout&lines=50 [36m304[0m 0.270 ms - -[0m
[0mGET /api/logs/tail?file=cc&lines=50 [36m304[0m 0.194 ms - -[0m
[0mGET /api/logs/tail?file=wa&lines=50 [36m304[0m 2.821 ms - -[0m
[0mGET /api/logs/tail?file=wa-checkout&lines=50 [36m304[0m 0.302 ms - -[0m
[0mGET /api/logs/tail?file=cc&lines=50 [36m304[0m 0.181 ms - -[0m
[0mGET /api/wa-rego/hits [36m304[0m 0.230 ms - -[0m
[0mGET /api/plate-check/results [36m304[0m 2.964 ms - -[0m
[0mGET /api/analytics [36m304[0m 0.312 ms - -[0m
[0mGET /api/plate-check/status [36m304[0m 0.290 ms - -[0m
[0mGET /api/logs/tail?file=wa&lines=50 [36m304[0m 3.266 ms - -[0m
[0mGET /api/wa-checkout/status [36m304[0m 0.328 ms - -[0m
[0mGET /api/logs/tail?file=wa-checkout&lines=50 [36m304[0m 0.528 ms - -[0m
[0mGET /api/logs/tail?file=cc&lines=50 [36m304[0m 0.264 ms - -[0m
[0mGET /api/logs/tail?file=wa&lines=50 [36m304[0m 2.591 ms - -[0m
[0mGET /api/logs/tail?file=wa-checkout&lines=50 [36m304[0m 0.349 ms - -[0m
[0mGET /api/logs/tail?file=cc&lines=50 [36m304[0m 0.331 ms - -[0m
[0mGET /api/health [36m304[0m 0.105 ms - -[0m
[0mGET /api/status [36m304[0m 1.059 ms - -[0m
[0mGET /api/plate-check/status [36m304[0m 0.364 ms - -[0m
[0mGET /api/logs/tail?file=wa&lines=50 [36m304[0m 3.120 ms - -[0m
[0mGET /api/wa-checkout/status [36m304[0m 0.218 ms - -[0m
[0mGET /api/logs/tail?file=wa-checkout&lines=50 [36m304[0m 0.245 ms - -[0m
[0mGET /api/logs/tail?file=cc&lines=50 [36m304[0m 0.154 ms - -[0m
[0mGET /api/plate-check/results [36m304[0m 2.736 ms - -[0m
