[     144ms] [WARNING] [JavaScript Warning: "unreachable code after return statement" {file: "http://localhost:8000/_expo/static/js/web/entry-b40dfbbb9e221ef5bb8e3419a6a5f4c8.js" line: 730}] @ http://localhost:8000/_expo/static/js/web/entry-b40dfbbb9e221ef5bb8e3419a6a5f4c8.js:730
[     160ms] [LOG] [API] Target: http://localhost:8000 @ http://localhost:8000/_expo/static/js/web/entry-b40dfbbb9e221ef5bb8e3419a6a5f4c8.js:1101
[     414ms] [WARNING] Animated: `useNativeDriver` is not supported because the native animated module is missing. Falling back to JS-based animation. To resolve this, add `RCTAnimation` module to this app, or remove `useNativeDriver`. Make sure to run `bundle exec pod install` first. Read more about autolinking: https://github.com/react-native-community/cli/blob/master/docs/autolinking.md @ http://localhost:8000/_expo/static/js/web/entry-b40dfbbb9e221ef5bb8e3419a6a5f4c8.js:421
[     462ms] [LOG] [SSE] Connected to cc stream @ http://localhost:8000/_expo/static/js/web/entry-b40dfbbb9e221ef5bb8e3419a6a5f4c8.js:1471
[     470ms] [LOG] [SSE] Connected to wa stream @ http://localhost:8000/_expo/static/js/web/entry-b40dfbbb9e221ef5bb8e3419a6a5f4c8.js:1471
[     487ms] [LOG] [SSE] Connected to wa-checkout stream @ http://localhost:8000/_expo/static/js/web/entry-b40dfbbb9e221ef5bb8e3419a6a5f4c8.js:1471
[    5465ms] [LOG] [SSE] Connected to cc stream @ http://localhost:8000/_expo/static/js/web/entry-b40dfbbb9e221ef5bb8e3419a6a5f4c8.js:1471
[    5477ms] [LOG] [SSE] Connected to wa stream @ http://localhost:8000/_expo/static/js/web/entry-b40dfbbb9e221ef5bb8e3419a6a5f4c8.js:1471
[    5478ms] [LOG] [SSE] Connected to wa-checkout stream @ http://localhost:8000/_expo/static/js/web/entry-b40dfbbb9e221ef5bb8e3419a6a5f4c8.js:1471
[   10469ms] [LOG] [SSE] Connected to cc stream @ http://localhost:8000/_expo/static/js/web/entry-b40dfbbb9e221ef5bb8e3419a6a5f4c8.js:1471
[   10482ms] [LOG] [SSE] Connected to wa stream @ http://localhost:8000/_expo/static/js/web/entry-b40dfbbb9e221ef5bb8e3419a6a5f4c8.js:1471
[   10482ms] [LOG] [SSE] Connected to wa-checkout stream @ http://localhost:8000/_expo/static/js/web/entry-b40dfbbb9e221ef5bb8e3419a6a5f4c8.js:1471
[   15515ms] [LOG] [SSE] Connected to cc stream @ http://localhost:8000/_expo/static/js/web/entry-b40dfbbb9e221ef5bb8e3419a6a5f4c8.js:1471
[   15523ms] [LOG] [SSE] Connected to wa stream @ http://localhost:8000/_expo/static/js/web/entry-b40dfbbb9e221ef5bb8e3419a6a5f4c8.js:1471
[   15523ms] [LOG] [SSE] Connected to wa-checkout stream @ http://localhost:8000/_expo/static/js/web/entry-b40dfbbb9e221ef5bb8e3419a6a5f4c8.js:1471
[   20517ms] [LOG] [SSE] Connected to cc stream @ http://localhost:8000/_expo/static/js/web/entry-b40dfbbb9e221ef5bb8e3419a6a5f4c8.js:1471
[   20524ms] [LOG] [SSE] Connected to wa stream @ http://localhost:8000/_expo/static/js/web/entry-b40dfbbb9e221ef5bb8e3419a6a5f4c8.js:1471
[   20529ms] [LOG] [SSE] Connected to wa-checkout stream @ http://localhost:8000/_expo/static/js/web/entry-b40dfbbb9e221ef5bb8e3419a6a5f4c8.js:1471
[   25521ms] [LOG] [SSE] Connected to cc stream @ http://localhost:8000/_expo/static/js/web/entry-b40dfbbb9e221ef5bb8e3419a6a5f4c8.js:1471
[   25526ms] [LOG] [SSE] Connected to wa stream @ http://localhost:8000/_expo/static/js/web/entry-b40dfbbb9e221ef5bb8e3419a6a5f4c8.js:1471
[   25529ms] [LOG] [SSE] Connected to wa-checkout stream @ http://localhost:8000/_expo/static/js/web/entry-b40dfbbb9e221ef5bb8e3419a6a5f4c8.js:1471
[   30523ms] [LOG] [SSE] Connected to cc stream @ http://localhost:8000/_expo/static/js/web/entry-b40dfbbb9e221ef5bb8e3419a6a5f4c8.js:1471
[   30531ms] [LOG] [SSE] Connected to wa stream @ http://localhost:8000/_expo/static/js/web/entry-b40dfbbb9e221ef5bb8e3419a6a5f4c8.js:1471
[   30536ms] [LOG] [SSE] Connected to wa-checkout stream @ http://localhost:8000/_expo/static/js/web/entry-b40dfbbb9e221ef5bb8e3419a6a5f4c8.js:1471
[   35529ms] [LOG] [SSE] Connected to cc stream @ http://localhost:8000/_expo/static/js/web/entry-b40dfbbb9e221ef5bb8e3419a6a5f4c8.js:1471
[   35537ms] [LOG] [SSE] Connected to wa stream @ http://localhost:8000/_expo/static/js/web/entry-b40dfbbb9e221ef5bb8e3419a6a5f4c8.js:1471
[   35542ms] [LOG] [SSE] Connected to wa-checkout stream @ http://localhost:8000/_expo/static/js/web/entry-b40dfbbb9e221ef5bb8e3419a6a5f4c8.js:1471
[   40531ms] [LOG] [SSE] Connected to cc stream @ http://localhost:8000/_expo/static/js/web/entry-b40dfbbb9e221ef5bb8e3419a6a5f4c8.js:1471
[   40538ms] [LOG] [SSE] Connected to wa stream @ http://localhost:8000/_expo/static/js/web/entry-b40dfbbb9e221ef5bb8e3419a6a5f4c8.js:1471
[   40542ms] [LOG] [SSE] Connected to wa-checkout stream @ http://localhost:8000/_expo/static/js/web/entry-b40dfbbb9e221ef5bb8e3419a6a5f4c8.js:1471
[   45534ms] [LOG] [SSE] Connected to cc stream @ http://localhost:8000/_expo/static/js/web/entry-b40dfbbb9e221ef5bb8e3419a6a5f4c8.js:1471
[   45556ms] [LOG] [SSE] Connected to wa stream @ http://localhost:8000/_expo/static/js/web/entry-b40dfbbb9e221ef5bb8e3419a6a5f4c8.js:1471
[   45556ms] [LOG] [SSE] Connected to wa-checkout stream @ http://localhost:8000/_expo/static/js/web/entry-b40dfbbb9e221ef5bb8e3419a6a5f4c8.js:1471
[   50537ms] [LOG] [SSE] Connected to cc stream @ http://localhost:8000/_expo/static/js/web/entry-b40dfbbb9e221ef5bb8e3419a6a5f4c8.js:1471
[   50545ms] [LOG] [SSE] Connected to wa stream @ http://localhost:8000/_expo/static/js/web/entry-b40dfbbb9e221ef5bb8e3419a6a5f4c8.js:1471
[   50550ms] [LOG] [SSE] Connected to wa-checkout stream @ http://localhost:8000/_expo/static/js/web/entry-b40dfbbb9e221ef5bb8e3419a6a5f4c8.js:1471
[   55541ms] [LOG] [SSE] Connected to cc stream @ http://localhost:8000/_expo/static/js/web/entry-b40dfbbb9e221ef5bb8e3419a6a5f4c8.js:1471
[   55548ms] [LOG] [SSE] Connected to wa stream @ http://localhost:8000/_expo/static/js/web/entry-b40dfbbb9e221ef5bb8e3419a6a5f4c8.js:1471
[   55548ms] [LOG] [SSE] Connected to wa-checkout stream @ http://localhost:8000/_expo/static/js/web/entry-b40dfbbb9e221ef5bb8e3419a6a5f4c8.js:1471
[   60544ms] [LOG] [SSE] Connected to cc stream @ http://localhost:8000/_expo/static/js/web/entry-b40dfbbb9e221ef5bb8e3419a6a5f4c8.js:1471
[   60548ms] [LOG] [SSE] Connected to wa stream @ http://localhost:8000/_expo/static/js/web/entry-b40dfbbb9e221ef5bb8e3419a6a5f4c8.js:1471
[   60548ms] [LOG] [SSE] Connected to wa-checkout stream @ http://localhost:8000/_expo/static/js/web/entry-b40dfbbb9e221ef5bb8e3419a6a5f4c8.js:1471
[   65547ms] [LOG] [SSE] Connected to cc stream @ http://localhost:8000/_expo/static/js/web/entry-b40dfbbb9e221ef5bb8e3419a6a5f4c8.js:1471
[   65553ms] [LOG] [SSE] Connected to wa stream @ http://localhost:8000/_expo/static/js/web/entry-b40dfbbb9e221ef5bb8e3419a6a5f4c8.js:1471
[   65553ms] [LOG] [SSE] Connected to wa-checkout stream @ http://localhost:8000/_expo/static/js/web/entry-b40dfbbb9e221ef5bb8e3419a6a5f4c8.js:1471
[   70546ms] [LOG] [SSE] Connected to cc stream @ http://localhost:8000/_expo/static/js/web/entry-b40dfbbb9e221ef5bb8e3419a6a5f4c8.js:1471
[   70550ms] [LOG] [SSE] Connected to wa stream @ http://localhost:8000/_expo/static/js/web/entry-b40dfbbb9e221ef5bb8e3419a6a5f4c8.js:1471
[   70550ms] [LOG] [SSE] Connected to wa-checkout stream @ http://localhost:8000/_expo/static/js/web/entry-b40dfbbb9e221ef5bb8e3419a6a5f4c8.js:1471
[   75553ms] [LOG] [SSE] Connected to cc stream @ http://localhost:8000/_expo/static/js/web/entry-b40dfbbb9e221ef5bb8e3419a6a5f4c8.js:1471
[   75573ms] [LOG] [SSE] Connected to wa stream @ http://localhost:8000/_expo/static/js/web/entry-b40dfbbb9e221ef5bb8e3419a6a5f4c8.js:1471
[   75574ms] [LOG] [SSE] Connected to wa-checkout stream @ http://localhost:8000/_expo/static/js/web/entry-b40dfbbb9e221ef5bb8e3419a6a5f4c8.js:1471
[   80556ms] [LOG] [SSE] Connected to cc stream @ http://localhost:8000/_expo/static/js/web/entry-b40dfbbb9e221ef5bb8e3419a6a5f4c8.js:1471
[   80563ms] [LOG] [SSE] Connected to wa stream @ http://localhost:8000/_expo/static/js/web/entry-b40dfbbb9e221ef5bb8e3419a6a5f4c8.js:1471
[   80569ms] [LOG] [SSE] Connected to wa-checkout stream @ http://localhost:8000/_expo/static/js/web/entry-b40dfbbb9e221ef5bb8e3419a6a5f4c8.js:1471
[   85564ms] [LOG] [SSE] Connected to cc stream @ http://localhost:8000/_expo/static/js/web/entry-b40dfbbb9e221ef5bb8e3419a6a5f4c8.js:1471
[   85573ms] [LOG] [SSE] Connected to wa stream @ http://localhost:8000/_expo/static/js/web/entry-b40dfbbb9e221ef5bb8e3419a6a5f4c8.js:1471
[   85573ms] [LOG] [SSE] Connected to wa-checkout stream @ http://localhost:8000/_expo/static/js/web/entry-b40dfbbb9e221ef5bb8e3419a6a5f4c8.js:1471
[   90565ms] [LOG] [SSE] Connected to cc stream @ http://localhost:8000/_expo/static/js/web/entry-b40dfbbb9e221ef5bb8e3419a6a5f4c8.js:1471
[   90569ms] [LOG] [SSE] Connected to wa stream @ http://localhost:8000/_expo/static/js/web/entry-b40dfbbb9e221ef5bb8e3419a6a5f4c8.js:1471
[   90573ms] [LOG] [SSE] Connected to wa-checkout stream @ http://localhost:8000/_expo/static/js/web/entry-b40dfbbb9e221ef5bb8e3419a6a5f4c8.js:1471
[   95572ms] [LOG] [SSE] Connected to cc stream @ http://localhost:8000/_expo/static/js/web/entry-b40dfbbb9e221ef5bb8e3419a6a5f4c8.js:1471
[   95578ms] [LOG] [SSE] Connected to wa stream @ http://localhost:8000/_expo/static/js/web/entry-b40dfbbb9e221ef5bb8e3419a6a5f4c8.js:1471
[   95583ms] [LOG] [SSE] Connected to wa-checkout stream @ http://localhost:8000/_expo/static/js/web/entry-b40dfbbb9e221ef5bb8e3419a6a5f4c8.js:1471
[  100576ms] [LOG] [SSE] Connected to cc stream @ http://localhost:8000/_expo/static/js/web/entry-b40dfbbb9e221ef5bb8e3419a6a5f4c8.js:1471
[  100582ms] [LOG] [SSE] Connected to wa stream @ http://localhost:8000/_expo/static/js/web/entry-b40dfbbb9e221ef5bb8e3419a6a5f4c8.js:1471
[  100582ms] [LOG] [SSE] Connected to wa-checkout stream @ http://localhost:8000/_expo/static/js/web/entry-b40dfbbb9e221ef5bb8e3419a6a5f4c8.js:1471
[  105576ms] [LOG] [SSE] Connected to cc stream @ http://localhost:8000/_expo/static/js/web/entry-b40dfbbb9e221ef5bb8e3419a6a5f4c8.js:1471
[  105582ms] [LOG] [SSE] Connected to wa stream @ http://localhost:8000/_expo/static/js/web/entry-b40dfbbb9e221ef5bb8e3419a6a5f4c8.js:1471
[  105585ms] [LOG] [SSE] Connected to wa-checkout stream @ http://localhost:8000/_expo/static/js/web/entry-b40dfbbb9e221ef5bb8e3419a6a5f4c8.js:1471
[  110575ms] [LOG] [SSE] Connected to cc stream @ http://localhost:8000/_expo/static/js/web/entry-b40dfbbb9e221ef5bb8e3419a6a5f4c8.js:1471
[  110579ms] [LOG] [SSE] Connected to wa stream @ http://localhost:8000/_expo/static/js/web/entry-b40dfbbb9e221ef5bb8e3419a6a5f4c8.js:1471
[  110582ms] [LOG] [SSE] Connected to wa-checkout stream @ http://localhost:8000/_expo/static/js/web/entry-b40dfbbb9e221ef5bb8e3419a6a5f4c8.js:1471
[  115578ms] [LOG] [SSE] Connected to cc stream @ http://localhost:8000/_expo/static/js/web/entry-b40dfbbb9e221ef5bb8e3419a6a5f4c8.js:1471
[  115585ms] [LOG] [SSE] Connected to wa stream @ http://localhost:8000/_expo/static/js/web/entry-b40dfbbb9e221ef5bb8e3419a6a5f4c8.js:1471
[  115589ms] [LOG] [SSE] Connected to wa-checkout stream @ http://localhost:8000/_expo/static/js/web/entry-b40dfbbb9e221ef5bb8e3419a6a5f4c8.js:1471
[  120581ms] [LOG] [SSE] Connected to cc stream @ http://localhost:8000/_expo/static/js/web/entry-b40dfbbb9e221ef5bb8e3419a6a5f4c8.js:1471
[  120586ms] [LOG] [SSE] Connected to wa stream @ http://localhost:8000/_expo/static/js/web/entry-b40dfbbb9e221ef5bb8e3419a6a5f4c8.js:1471
[  120589ms] [LOG] [SSE] Connected to wa-checkout stream @ http://localhost:8000/_expo/static/js/web/entry-b40dfbbb9e221ef5bb8e3419a6a5f4c8.js:1471
[  125585ms] [LOG] [SSE] Connected to cc stream @ http://localhost:8000/_expo/static/js/web/entry-b40dfbbb9e221ef5bb8e3419a6a5f4c8.js:1471
[  125589ms] [LOG] [SSE] Connected to wa stream @ http://localhost:8000/_expo/static/js/web/entry-b40dfbbb9e221ef5bb8e3419a6a5f4c8.js:1471
[  125593ms] [LOG] [SSE] Connected to wa-checkout stream @ http://localhost:8000/_expo/static/js/web/entry-b40dfbbb9e221ef5bb8e3419a6a5f4c8.js:1471
[  130591ms] [LOG] [SSE] Connected to cc stream @ http://localhost:8000/_expo/static/js/web/entry-b40dfbbb9e221ef5bb8e3419a6a5f4c8.js:1471
[  130595ms] [LOG] [SSE] Connected to wa stream @ http://localhost:8000/_expo/static/js/web/entry-b40dfbbb9e221ef5bb8e3419a6a5f4c8.js:1471
[  130598ms] [LOG] [SSE] Connected to wa-checkout stream @ http://localhost:8000/_expo/static/js/web/entry-b40dfbbb9e221ef5bb8e3419a6a5f4c8.js:1471
[  135596ms] [LOG] [SSE] Connected to cc stream @ http://localhost:8000/_expo/static/js/web/entry-b40dfbbb9e221ef5bb8e3419a6a5f4c8.js:1471
[  135603ms] [LOG] [SSE] Connected to wa stream @ http://localhost:8000/_expo/static/js/web/entry-b40dfbbb9e221ef5bb8e3419a6a5f4c8.js:1471
[  135608ms] [LOG] [SSE] Connected to wa-checkout stream @ http://localhost:8000/_expo/static/js/web/entry-b40dfbbb9e221ef5bb8e3419a6a5f4c8.js:1471
[  140604ms] [LOG] [SSE] Connected to cc stream @ http://localhost:8000/_expo/static/js/web/entry-b40dfbbb9e221ef5bb8e3419a6a5f4c8.js:1471
[  140605ms] [LOG] [SSE] Connected to wa stream @ http://localhost:8000/_expo/static/js/web/entry-b40dfbbb9e221ef5bb8e3419a6a5f4c8.js:1471
[  140629ms] [LOG] [SSE] Connected to wa-checkout stream @ http://localhost:8000/_expo/static/js/web/entry-b40dfbbb9e221ef5bb8e3419a6a5f4c8.js:1471
[  145606ms] [LOG] [SSE] Connected to cc stream @ http://localhost:8000/_expo/static/js/web/entry-b40dfbbb9e221ef5bb8e3419a6a5f4c8.js:1471
[  145613ms] [LOG] [SSE] Connected to wa stream @ http://localhost:8000/_expo/static/js/web/entry-b40dfbbb9e221ef5bb8e3419a6a5f4c8.js:1471
[  145618ms] [LOG] [SSE] Connected to wa-checkout stream @ http://localhost:8000/_expo/static/js/web/entry-b40dfbbb9e221ef5bb8e3419a6a5f4c8.js:1471
[  150611ms] [LOG] [SSE] Connected to cc stream @ http://localhost:8000/_expo/static/js/web/entry-b40dfbbb9e221ef5bb8e3419a6a5f4c8.js:1471
[  150618ms] [LOG] [SSE] Connected to wa stream @ http://localhost:8000/_expo/static/js/web/entry-b40dfbbb9e221ef5bb8e3419a6a5f4c8.js:1471
[  150619ms] [LOG] [SSE] Connected to wa-checkout stream @ http://localhost:8000/_expo/static/js/web/entry-b40dfbbb9e221ef5bb8e3419a6a5f4c8.js:1471
